# JRE version: Java(TM) SE Runtime Environment (8.0_111-b14) (build 1.8.0_111-b14)
# Java VM: Java HotSpot(TM) Client VM (25.111-b14 mixed mode windows-x86 )
Heap:
 def new generation   total 39424K, used 34379K [0x04c00000, 0x076c0000, 0x0f6a0000)
  eden space 35072K,  94% used [0x04c00000, 0x06c7b558, 0x06e40000)
  from space 4352K,  25% used [0x07280000, 0x07397878, 0x076c0000)
  to   space 4352K,   0% used [0x06e40000, 0x06e40000, 0x07280000)
 tenured generation   total 87424K, used 34417K [0x0f6a0000, 0x14c00000, 0x24c00000)
   the space 87424K,  39% used [0x0f6a0000, 0x1183c4e0, 0x1183c600, 0x14c00000)
 Metaspace       used 19909K, capacity 20384K, committed 20736K, reserved 20864K
GC Heap History (10 events):
Event: 4574.733 GC heap before
{Heap before GC invocations=8 (full 2):
 def new generation   total 39424K, used 35072K [0x04c00000, 0x076c0000, 0x0f6a0000)
  eden space 35072K, 100% used [0x04c00000, 0x06e40000, 0x06e40000)
  from space 4352K,   0% used [0x06e40000, 0x06e40000, 0x07280000)
  to   space 4352K,   0% used [0x07280000, 0x07280000, 0x076c0000)
 tenured generation   total 87424K, used 34417K [0x0f6a0000, 0x14c00000, 0x24c00000)
   the space 87424K,  39% used [0x0f6a0000, 0x1183c4e0, 0x1183c600, 0x14c00000)
 Metaspace       used 19908K, capacity 20384K, committed 20736K, reserved 20864K
Event: 4574.765 GC heap after
Heap after GC invocations=9 (full 2):
 def new generation   total 39424K, used 1257K [0x04c00000, 0x076c0000, 0x0f6a0000)
  eden space 35072K,   0% used [0x04c00000, 0x04c00000, 0x06e40000)
  from space 4352K,  28% used [0x07280000, 0x073ba458, 0x076c0000)
  to   space 4352K,   0% used [0x06e40000, 0x06e40000, 0x07280000)
 tenured generation   total 87424K, used 34417K [0x0f6a0000, 0x14c00000, 0x24c00000)
   the space 87424K,  39% used [0x0f6a0000, 0x1183c4e0, 0x1183c600, 0x14c00000)
 Metaspace       used 19908K, capacity 20384K, committed 20736K, reserved 20864K
}
Event: 4785.959 GC heap before
{Heap before GC invocations=9 (full 2):
 def new generation   total 39424K, used 36329K [0x04c00000, 0x076c0000, 0x0f6a0000)
  eden space 35072K, 100% used [0x04c00000, 0x06e40000, 0x06e40000)
  from space 4352K,  28% used [0x07280000, 0x073ba458, 0x076c0000)
  to   space 4352K,   0% used [0x06e40000, 0x06e40000, 0x07280000)
 tenured generation   total 87424K, used 34417K [0x0f6a0000, 0x14c00000, 0x24c00000)
   the space 87424K,  39% used [0x0f6a0000, 0x1183c4e0, 0x1183c600, 0x14c00000)
 Metaspace       used 19908K, capacity 20384K, committed 20736K, reserved 20864K
Event: 4785.974 GC heap after
Heap after GC invocations=10 (full 2):
 def new generation   total 39424K, used 1354K [0x04c00000, 0x076c0000, 0x0f6a0000)
  eden space 35072K,   0% used [0x04c00000, 0x04c00000, 0x06e40000)
  from space 4352K,  31% used [0x06e40000, 0x06f92860, 0x07280000)
  to   space 4352K,   0% used [0x07280000, 0x07280000, 0x076c0000)
 tenured generation   total 87424K, used 34417K [0x0f6a0000, 0x14c00000, 0x24c00000)
   the space 87424K,  39% used [0x0f6a0000, 0x1183c4e0, 0x1183c600, 0x14c00000)
 Metaspace       used 19908K, capacity 20384K, committed 20736K, reserved 20864K
}
Event: 8664.654 GC heap before
{Heap before GC invocations=10 (full 2):
 def new generation   total 39424K, used 36426K [0x04c00000, 0x076c0000, 0x0f6a0000)
  eden space 35072K, 100% used [0x04c00000, 0x06e40000, 0x06e40000)
  from space 4352K,  31% used [0x06e40000, 0x06f92860, 0x07280000)
  to   space 4352K,   0% used [0x07280000, 0x07280000, 0x076c0000)
 tenured generation   total 87424K, used 34417K [0x0f6a0000, 0x14c00000, 0x24c00000)
   the space 87424K,  39% used [0x0f6a0000, 0x1183c4e0, 0x1183c600, 0x14c00000)
 Metaspace       used 19909K, capacity 20384K, committed 20736K, reserved 20864K
Event: 8664.677 GC heap after
Heap after GC invocations=11 (full 2):
 def new generation   total 39424K, used 1749K [0x04c00000, 0x076c0000, 0x0f6a0000)
  eden space 35072K,   0% used [0x04c00000, 0x04c00000, 0x06e40000)
  from space 4352K,  40% used [0x07280000, 0x07435448, 0x076c0000)
  to   space 4352K,   0% used [0x06e40000, 0x06e40000, 0x07280000)
 tenured generation   total 87424K, used 34417K [0x0f6a0000, 0x14c00000, 0x24c00000)
   the space 87424K,  39% used [0x0f6a0000, 0x1183c4e0, 0x1183c600, 0x14c00000)
 Metaspace       used 19909K, capacity 20384K, committed 20736K, reserved 20864K
}
Event: 12840.117 GC heap before
{Heap before GC invocations=11 (full 2):
 def new generation   total 39424K, used 36821K [0x04c00000, 0x076c0000, 0x0f6a0000)
  eden space 35072K, 100% used [0x04c00000, 0x06e40000, 0x06e40000)
  from space 4352K,  40% used [0x07280000, 0x07435448, 0x076c0000)
  to   space 4352K,   0% used [0x06e40000, 0x06e40000, 0x07280000)
 tenured generation   total 87424K, used 34417K [0x0f6a0000, 0x14c00000, 0x24c00000)
   the space 87424K,  39% used [0x0f6a0000, 0x1183c4e0, 0x1183c600, 0x14c00000)
 Metaspace       used 19909K, capacity 20384K, committed 20736K, reserved 20864K
Event: 12840.169 GC heap after
Heap after GC invocations=12 (full 2):
 def new generation   total 39424K, used 1120K [0x04c00000, 0x076c0000, 0x0f6a0000)
  eden space 35072K,   0% used [0x04c00000, 0x04c00000, 0x06e40000)
  from space 4352K,  25% used [0x06e40000, 0x06f58370, 0x07280000)
  to   space 4352K,   0% used [0x07280000, 0x07280000, 0x076c0000)
 tenured generation   total 87424K, used 34417K [0x0f6a0000, 0x14c00000, 0x24c00000)
   the space 87424K,  39% used [0x0f6a0000, 0x1183c4e0, 0x1183c600, 0x14c00000)
 Metaspace       used 19909K, capacity 20384K, committed 20736K, reserved 20864K
}
Event: 16098.288 GC heap before
{Heap before GC invocations=12 (full 2):
 def new generation   total 39424K, used 36192K [0x04c00000, 0x076c0000, 0x0f6a0000)
  eden space 35072K, 100% used [0x04c00000, 0x06e40000, 0x06e40000)
  from space 4352K,  25% used [0x06e40000, 0x06f58370, 0x07280000)
  to   space 4352K,   0% used [0x07280000, 0x07280000, 0x076c0000)
 tenured generation   total 87424K, used 34417K [0x0f6a0000, 0x14c00000, 0x24c00000)
   the space 87424K,  39% used [0x0f6a0000, 0x1183c4e0, 0x1183c600, 0x14c00000)
 Metaspace       used 19909K, capacity 20384K, committed 20736K, reserved 20864K
Event: 16098.355 GC heap after
Heap after GC invocations=13 (full 2):
 def new generation   total 39424K, used 1118K [0x04c00000, 0x076c0000, 0x0f6a0000)
  eden space 35072K,   0% used [0x04c00000, 0x04c00000, 0x06e40000)
  from space 4352K,  25% used [0x07280000, 0x07397878, 0x076c0000)
  to   space 4352K,   0% used [0x06e40000, 0x06e40000, 0x07280000)
 tenured generation   total 87424K, used 34417K [0x0f6a0000, 0x14c00000, 0x24c00000)
   the space 87424K,  39% used [0x0f6a0000, 0x1183c4e0, 0x1183c600, 0x14c00000)
 Metaspace       used 19909K, capacity 20384K, committed 20736K, reserved 20864K
}

